[2025-05-01T18:56:36.981Z] [ E ] killer0428 | Error handling interaction: 

Error message: createRxDatabase(): A RxDatabase with the same name and adapter already exists.
Make sure to use this combination of storage+databaseName only once
If you have the duplicate database on purpose to simulate multi-tab behavior in unit tests, set "ignoreDuplicate: true".
As alternative you can set "closeDuplicates: true" like if this happens in your react projects with hot reload that reloads the code without reloading the process.
Error code: DB8
Find out more about this error here: https://rxdb.info/errors.html?console=errors#DB8 

--------------------
Parameters:
name: "nyx_database"
storage: "validate-ajv-memory"
link: "https://rxdb.info/rx-database.html#ignoreduplicate"

[2025-05-01T19:02:26.726Z] [ I ] killer0428 | Executed command: block by killer0428
[2025-05-01T19:02:52.862Z] [ I ] killer0428 | Executed command: unblock by killer0428
[2025-05-01T19:07:04.865Z] [ I ] killer0428 | Blocking user: kremturo93 (1076421629208436748) for reason: mert
[2025-05-01T19:07:05.103Z] [ I ] killer0428 | Executed command: block by killer0428
[2025-05-01T19:09:47.583Z] [ E ] killer0428 | Error fetching log channel: TypeError: getLogChannel is not a function
[2025-05-01T19:09:48.579Z] [ E ] killer0428 | Error fetching log channel: TypeError: getLogChannel is not a function
[2025-05-01T19:20:18.327Z] [ I ] killer0428 | Blocking user: kremturo93 (1076421629208436748) for reason: No reason provided
[2025-05-01T19:20:18.557Z] [ I ] killer0428 | Executed command: block by killer0428
[2025-05-01T19:22:42.099Z] [ E ] killer0428 | Error fetching log channel: TypeError: getLogChannel is not a function
[2025-05-01T19:22:50.567Z] [ E ] killer0428 | Error fetching log channel: TypeError: getLogChannel is not a function
[2025-05-01T19:39:01.923Z] [ I ] kremturo93 | Message received: mibe nem
[2025-05-01T19:39:11.283Z] [ I ] kremturo93 | Message received: 🤯
[2025-05-01T19:51:45.049Z] [ I ] killer0428 | Message received: szepen
[2025-05-01T19:52:08.635Z] [ I ] shouzdo | Message received: Te am mikor lettel ilyen pelda admin
[2025-05-01T19:52:49.103Z] [ I ] killer0428 | Executed command: profilkep by killer0428
[2025-05-01T19:52:57.054Z] [ I ] killer0428 | Message received: szigma
[2025-05-01T19:52:58.578Z] [ I ] freezafr | Message received: fenyegeto
[2025-05-01T19:53:11.248Z] [ I ] kremturo93 | Message received: most beszartam
[2025-05-01T19:56:22.018Z] [ I ] killer0428 | Executed command: say by killer0428
[2025-05-01T19:56:56.150Z] [ I ] killer0428 | Message received: nem mükszik
[2025-05-01T19:56:59.037Z] [ I ] killer0428 | Message received: shit
[2025-05-01T19:57:04.798Z] [ I ] killer0428 | Message received: <:aztakurva:1344699982925791263>
[2025-05-01T19:57:12.104Z] [ I ] killer0428 | Message received: <:aztakurva:1344699982925791263><:aztakurva:1344699982925791263><:aztakurva:1344699982925791263><:aztakurva:1344699982925791263>
[2025-05-01T19:58:12.669Z] [ E ] freezafr | Error fetching log channel: TypeError: getLogChannel is not a function
[2025-05-01T20:00:06.744Z] [ I ] kremturo93 | Message received: https://tenor.com/view/minecraft-gif-25005699
